<?xml version="1.0" encoding="UTF-8"?>
<!-- Generated by org.testng.reporters.JUnitXMLReporter -->
<testsuite ignored="0" hostname="LAPTOP-23AUJAGN" failures="0" tests="3" name="Default test" time="0.055" errors="0" timestamp="2026-03-28T14:00:47 IST">
  <testcase classname="TestNg_Pract.TestNg3" name="testcase2" time="0.008"/>
  <testcase classname="TestNg_Pract.TestNg3" name="testcase3" time="0.002"/>
  <testcase classname="TestNg_Pract.TestNg3" name="testcase1" time="0.002"/>
</testsuite> <!-- Default test -->
