<?xml version="1.0" encoding="UTF-8"?>
<!-- Generated by org.testng.reporters.JUnitXMLReporter -->
<testsuite ignored="0" hostname="LAPTOP-23AUJAGN" failures="0" tests="6" name="Test" time="0.062" errors="0" timestamp="2026-03-28T18:00:33 IST">
  <testcase classname="TestNg_Pract.Smoketestng_prac" name="testcase1" time="0.008"/>
  <testcase classname="TestNg_Pract.Smoketestng_prac" name="testcase2" time="0.001"/>
  <testcase classname="TestNg_Pract.Smoketestng_prac" name="testcase3" time="0.001"/>
  <testcase classname="TestNg_Pract.Smoketesng_prac1" name="testcase4" time="0.001"/>
  <testcase classname="TestNg_Pract.Smoketesng_prac1" name="testcase5" time="0.002"/>
  <testcase classname="TestNg_Pract.Smoketesng_prac1" name="testcase6" time="0.001"/>
</testsuite> <!-- Test -->
