<?xml version="1.0" encoding="UTF-8"?>
<testng-results ignored="0" total="6" passed="6" failed="0" skipped="0">
  <reporter-output>
  </reporter-output>
  <suite started-at="2026-03-28T18:00:33 IST" name="Smoke_Suite" finished-at="2026-03-28T18:00:33 IST" duration-ms="62">
    <groups>
    </groups>
    <test started-at="2026-03-28T18:00:33 IST" name="Test" finished-at="2026-03-28T18:00:33 IST" duration-ms="62">
      <class name="TestNg_Pract.Smoketestng_prac">
        <test-method signature="testcase1()[pri:0, instance:TestNg_Pract.Smoketestng_prac@f0da945]" started-at="2026-03-28T18:00:33 IST" name="testcase1" finished-at="2026-03-28T18:00:33 IST" duration-ms="8" status="PASS">
          <reporter-output>
          </reporter-output>
        </test-method> <!-- testcase1 -->
        <test-method signature="testcase2()[pri:0, instance:TestNg_Pract.Smoketestng_prac@f0da945]" started-at="2026-03-28T18:00:33 IST" name="testcase2" finished-at="2026-03-28T18:00:33 IST" duration-ms="1" status="PASS">
          <reporter-output>
          </reporter-output>
        </test-method> <!-- testcase2 -->
        <test-method signature="testcase3()[pri:0, instance:TestNg_Pract.Smoketestng_prac@f0da945]" started-at="2026-03-28T18:00:33 IST" name="testcase3" finished-at="2026-03-28T18:00:33 IST" duration-ms="1" status="PASS">
          <reporter-output>
          </reporter-output>
        </test-method> <!-- testcase3 -->
      </class> <!-- TestNg_Pract.Smoketestng_prac -->
      <class name="TestNg_Pract.Smoketesng_prac1">
        <test-method signature="testcase4()[pri:0, instance:TestNg_Pract.Smoketesng_prac1@290222c1]" started-at="2026-03-28T18:00:33 IST" name="testcase4" finished-at="2026-03-28T18:00:33 IST" duration-ms="1" status="PASS">
          <reporter-output>
          </reporter-output>
        </test-method> <!-- testcase4 -->
        <test-method signature="testcase5()[pri:0, instance:TestNg_Pract.Smoketesng_prac1@290222c1]" started-at="2026-03-28T18:00:33 IST" name="testcase5" finished-at="2026-03-28T18:00:33 IST" duration-ms="2" status="PASS">
          <reporter-output>
          </reporter-output>
        </test-method> <!-- testcase5 -->
        <test-method signature="testcase6()[pri:0, instance:TestNg_Pract.Smoketesng_prac1@290222c1]" started-at="2026-03-28T18:00:33 IST" name="testcase6" finished-at="2026-03-28T18:00:33 IST" duration-ms="1" status="PASS">
          <reporter-output>
          </reporter-output>
        </test-method> <!-- testcase6 -->
      </class> <!-- TestNg_Pract.Smoketesng_prac1 -->
    </test> <!-- Test -->
  </suite> <!-- Smoke_Suite -->
</testng-results>
