<?xml version="1.0" encoding="UTF-8"?>
<!-- Generated by org.testng.reporters.JUnitReportReporter -->
<testsuite hostname="LAPTOP-23AUJAGN" failures="0" tests="3" name="TestNg_Pract.Smoketestng_prac" time="0.010" errors="0" timestamp="2026-03-28T18:00:33 IST" skipped="0">
  <testcase classname="TestNg_Pract.Smoketestng_prac" name="testcase1" time="0.008"/>
  <testcase classname="TestNg_Pract.Smoketestng_prac" name="testcase2" time="0.001"/>
  <testcase classname="TestNg_Pract.Smoketestng_prac" name="testcase3" time="0.001"/>
</testsuite> <!-- TestNg_Pract.Smoketestng_prac -->
