<?xml version="1.0" encoding="UTF-8"?>
<!-- Generated by org.testng.reporters.JUnitReportReporter -->
<testsuite hostname="LAPTOP-23AUJAGN" failures="0" tests="3" name="TestNg_Pract.Smoketesng_prac1" time="0.004" errors="0" timestamp="2026-03-28T18:00:33 IST" skipped="0">
  <testcase classname="TestNg_Pract.Smoketesng_prac1" name="testcase6" time="0.001"/>
  <testcase classname="TestNg_Pract.Smoketesng_prac1" name="testcase5" time="0.002"/>
  <testcase classname="TestNg_Pract.Smoketesng_prac1" name="testcase4" time="0.001"/>
</testsuite> <!-- TestNg_Pract.Smoketesng_prac1 -->
