<?xml version="1.0" encoding="UTF-8"?>
<!-- Generated by org.testng.reporters.JUnitReportReporter -->
<testsuite hostname="LAPTOP-23AUJAGN" failures="0" tests="3" name="TestNg_Pract.TestNg3" time="0.012" errors="0" timestamp="2026-03-28T14:00:47 IST" skipped="0">
  <testcase classname="TestNg_Pract.TestNg3" name="testcase2" time="0.008"/>
  <testcase classname="TestNg_Pract.TestNg3" name="testcase3" time="0.002"/>
  <testcase classname="TestNg_Pract.TestNg3" name="testcase1" time="0.002"/>
</testsuite> <!-- TestNg_Pract.TestNg3 -->
