<?xml version="1.0" encoding="UTF-8"?>
<!-- Generated by org.testng.reporters.JUnitReportReporter -->
<testsuite hostname="LAPTOP-23AUJAGN" failures="0" tests="3" name="TestNg_Pract.TeatNg1" time="0.009" errors="0" timestamp="2026-03-28T13:58:15 IST" skipped="0">
  <testcase classname="TestNg_Pract.TeatNg1" name="testcase3" time="0.001"/>
  <testcase classname="TestNg_Pract.TeatNg1" name="testcase1" time="0.007"/>
  <testcase classname="TestNg_Pract.TeatNg1" name="testcase2" time="0.001"/>
</testsuite> <!-- TestNg_Pract.TeatNg1 -->
